BEGIN 3:axi_if:fast__1:work
    ARBURST :  1:tx_pkg:fast:work
    AWLEN :  1:tx_pkg:fast:work
    BREADY :  1:tx_pkg:fast:work
    clk :  1:tx_pkg:fast:work
    ARLEN :  1:tx_pkg:fast:work
    AWREADY :  1:tx_pkg:fast:work
    RLAST :  1:tx_pkg:fast:work
    RREADY :  1:tx_pkg:fast:work
    BVALID :  1:tx_pkg:fast:work
    AWADDR :  1:tx_pkg:fast:work
    WLAST :  1:tx_pkg:fast:work
    RRESP :  1:tx_pkg:fast:work
    ARADDR :  1:tx_pkg:fast:work
    AWSIZE :  1:tx_pkg:fast:work
    WREADY :  1:tx_pkg:fast:work
    ARSIZE :  1:tx_pkg:fast:work
    AWVALID :  1:tx_pkg:fast:work
    RDATA :  1:tx_pkg:fast:work
    ARREADY :  1:tx_pkg:fast:work
    BRESP :  1:tx_pkg:fast:work
    ARVALID :  1:tx_pkg:fast:work
    WDATA :  1:tx_pkg:fast:work
    RVALID :  1:tx_pkg:fast:work
    AWBURST :  1:tx_pkg:fast:work
    WVALID :  1:tx_pkg:fast:work
END 
BEGIN 3:axi_if:fast__3:work
    RREADY :  1:top:fast:work
    AWSIZE :  1:top:fast:work
    ARSIZE :  1:top:fast:work
    BREADY :  1:top:fast:work
    AWBURST :  1:top:fast:work
    ARBURST :  1:top:fast:work
    WVALID :  1:top:fast:work
    RVALID :  1:top:fast:work
    AWLEN :  1:top:fast:work
    ARLEN :  1:top:fast:work
    BVALID :  1:top:fast:work
    AWADDR :  1:top:fast:work
    ARADDR :  1:top:fast:work
    WLAST :  1:top:fast:work
    RLAST :  1:top:fast:work
    AWREADY :  1:top:fast:work
    ARREADY :  1:top:fast:work
    BRESP :  1:top:fast:work
    RRESP :  1:top:fast:work
    WDATA :  1:top:fast:work
    RDATA :  1:top:fast:work
    AWVALID :  1:top:fast:work
    ARVALID :  1:top:fast:work
    WREADY :  1:top:fast:work
END 
